<?xml version="1.0" encoding="UTF-8"?>
<!-- Generated by org.testng.reporters.JUnitReportReporter -->
<testsuite skipped="0" hostname="Manju-Kothuri" name="practicetestng.Sample1" tests="1" failures="0" timestamp="2020-03-24T19:21:42 IST" time="12.495" errors="0">
  <testcase name="verifyTitleOfThePage" time="12.495" classname="practicetestng.Sample1"/>
  <system-out/>
</testsuite> <!-- practicetestng.Sample1 -->
