<?xml version="1.0" encoding="UTF-8"?>
<!-- Generated by org.testng.reporters.JUnitReportReporter -->
<testsuite skipped="1" hostname="Manju-Kothuri" name="cts.miniproject.test.DdExcelWordpressLogin" tests="1" failures="0" timestamp="2020-03-27T17:57:34 IST" time="0.000" errors="0">
  <testcase name="loginToWordpress" time="0.000" classname="cts.miniproject.test.DdExcelWordpressLogin">
    <skipped/>
  </testcase> <!-- loginToWordpress -->
  <system-out/>
</testsuite> <!-- cts.miniproject.test.DdExcelWordpressLogin -->
