<?xml version="1.0" encoding="UTF-8"?>
<!-- Generated by org.testng.reporters.JUnitReportReporter -->
<testsuite skipped="0" hostname="Manju-Kothuri" name="practicetestng.Sample2" tests="3" failures="0" timestamp="2020-03-24T15:36:31 IST" time="0.017" errors="0">
  <testcase name="TestC" time="0.001" classname="practicetestng.Sample2"/>
  <system-out/>
  <testcase name="TestA" time="0.014" classname="practicetestng.Sample2"/>
  <system-out/>
  <testcase name="TestB" time="0.002" classname="practicetestng.Sample2"/>
  <system-out/>
</testsuite> <!-- practicetestng.Sample2 -->
