<?xml version="1.0" encoding="UTF-8"?>
<!-- Generated by org.testng.reporters.JUnitReportReporter -->
<testsuite skipped="0" hostname="Manju-Kothuri" name="practicetestng.TestSelenium" tests="1" failures="0" timestamp="2020-03-25T11:38:54 IST" time="0.010" errors="0">
  <testcase name="testconfig" time="0.010" classname="practicetestng.TestSelenium"/>
  <system-out/>
</testsuite> <!-- practicetestng.TestSelenium -->
