<?xml version="1.0" encoding="UTF-8"?>
<!-- Generated by org.testng.reporters.JUnitReportReporter -->
<testsuite skipped="0" hostname="Manju-Kothuri" name="practicetestng.Display" tests="8" failures="0" timestamp="2020-03-24T15:04:00 IST" time="0.029" errors="0">
  <testcase name="vendor2" time="0.002" classname="practicetestng.Display"/>
  <system-out/>
  <testcase name="customer1" time="0.002" classname="practicetestng.Display"/>
  <system-out/>
  <testcase name="admin1" time="0.014" classname="practicetestng.Display"/>
  <system-out/>
  <testcase name="vendor1" time="0.002" classname="practicetestng.Display"/>
  <system-out/>
  <testcase name="vendor3" time="0.002" classname="practicetestng.Display"/>
  <system-out/>
  <testcase name="customer2" time="0.002" classname="practicetestng.Display"/>
  <system-out/>
  <testcase name="admin2" time="0.003" classname="practicetestng.Display"/>
  <system-out/>
  <testcase name="customer3" time="0.002" classname="practicetestng.Display"/>
  <system-out/>
</testsuite> <!-- practicetestng.Display -->
