<?xml version="1.0" encoding="UTF-8"?>
<!-- Generated by org.testng.reporters.JUnitReportReporter -->
<testsuite skipped="0" hostname="Manju-Kothuri" name="practicetestng.Parallel" tests="3" failures="0" timestamp="2020-03-24T16:02:49 IST" time="0.014" errors="0">
  <testcase name="testcase3" time="0.001" classname="practicetestng.Parallel"/>
  <system-out/>
  <testcase name="testcase2" time="0.002" classname="practicetestng.Parallel"/>
  <system-out/>
  <testcase name="testcase1" time="0.011" classname="practicetestng.Parallel"/>
  <system-out/>
</testsuite> <!-- practicetestng.Parallel -->
