<?xml version="1.0" encoding="UTF-8"?>
<!-- Generated by org.testng.reporters.JUnitReportReporter -->
<testsuite skipped="0" hostname="Manju-Kothuri" name="practicetestng.LearningAttributesInTestNG" tests="3" failures="0" timestamp="2020-03-24T15:38:49 IST" time="0.020" errors="0">
  <testcase name="TestC" time="0.001" classname="practicetestng.LearningAttributesInTestNG"/>
  <system-out/>
  <testcase name="TestB" time="0.018" classname="practicetestng.LearningAttributesInTestNG"/>
  <system-out/>
  <testcase name="TestA" time="0.001" classname="practicetestng.LearningAttributesInTestNG"/>
  <system-out/>
</testsuite> <!-- practicetestng.LearningAttributesInTestNG -->
