<?xml version="1.0" encoding="UTF-8"?>
<!-- Generated by org.testng.reporters.JUnitReportReporter -->
<testsuite skipped="0" hostname="Manju-Kothuri" name="cts.miniproject.test.VerifyWordpressLogin" tests="1" failures="0" timestamp="2020-03-26T16:52:15 IST" time="16.886" errors="0">
  <testcase name="verifyValidLogin" time="16.886" classname="cts.miniproject.test.VerifyWordpressLogin"/>
  <system-out/>
</testsuite> <!-- cts.miniproject.test.VerifyWordpressLogin -->
