<?xml version="1.0" encoding="UTF-8"?>
<!-- Generated by org.testng.reporters.JUnitReportReporter -->
<testsuite skipped="0" hostname="Manju-Kothuri" name="practicetestng.Parallel2" tests="3" failures="0" timestamp="2020-03-24T16:03:50 IST" time="0.013" errors="0">
  <testcase name="testcase6" time="0.001" classname="practicetestng.Parallel2"/>
  <system-out/>
  <testcase name="testcase5" time="0.002" classname="practicetestng.Parallel2"/>
  <system-out/>
  <testcase name="testcase4" time="0.010" classname="practicetestng.Parallel2"/>
  <system-out/>
</testsuite> <!-- practicetestng.Parallel2 -->
